C51 COMPILER V9.60.7.0   LCD                                                               05/01/2025 20:37:05 PAGE 1   


C51 COMPILER V9.60.7.0, COMPILATION OF MODULE LCD
OBJECT MODULE PLACED IN .\Objects\LCD.obj
COMPILER INVOKED BY: D:\Keil5\C51\BIN\C51.EXE LCD.c OPTIMIZE(8,SPEED) BROWSE DEBUG OBJECTEXTEND PRINT(.\Listings\LCD.lst
                    -) OBJECT(.\Objects\LCD.obj)

line level    source

   1          #include <REGX51.H>
   2          #include "Delay.h"
   3          #include <intrins.h>
   4          
   5          #define uchar unsigned char
   6          #define uint unsigned int
   7          #define out P2
   8          
   9          sbit RS = P1^0;
  10          sbit RW = P1^1;
  11          sbit E  = P1^2;
  12          
  13          void check_busy(void)
  14          {
  15   1              uchar dt;
  16   1              do{
  17   2                      dt = 0xFF;
  18   2                      E = 0;
  19   2                      RS = 0;
  20   2                      RW = 1;
  21   2                      E = 1;
  22   2                      dt = out;
  23   2              }while(dt&0x80);
  24   1              E = 0;
  25   1      }
  26          
  27          void write_command(uchar com)
  28          {
  29   1              check_busy();
  30   1              E = 0;
  31   1              RS = 0;
  32   1              RW = 0;
  33   1              out = com;
  34   1              E = 1;
  35   1              _nop_();
  36   1              E = 0;
  37   1              Delay(1);
  38   1      }
  39          
  40          void write_data(uchar dat)
  41          {
  42   1              check_busy();
  43   1              E = 0;
  44   1              RS = 1;
  45   1              RW = 0;
  46   1              out = dat;
  47   1              E = 1;
  48   1              _nop_();
  49   1              E = 0;
  50   1              Delay(1);
  51   1      }
  52          
  53          void lcd_initial(void)
  54          {
C51 COMPILER V9.60.7.0   LCD                                                               05/01/2025 20:37:05 PAGE 2   

  55   1              write_command(0x38);
  56   1              write_command(0x0C);
  57   1              write_command(0x06);
  58   1              write_command(0x01);
  59   1              Delay(1);
  60   1      }
  61          
  62          void string(uchar ad, uchar *s)
  63          {
  64   1              write_command(ad);
  65   1              while(*s > 0)
  66   1              {
  67   2                      write_data(*s++);
  68   2                      Delay(100);
  69   2              }
  70   1      }


MODULE INFORMATION:   STATIC OVERLAYABLE
   CODE SIZE        =    144    ----
   CONSTANT SIZE    =   ----    ----
   XDATA SIZE       =   ----    ----
   PDATA SIZE       =   ----    ----
   DATA SIZE        =   ----       3
   IDATA SIZE       =   ----    ----
   BIT SIZE         =   ----    ----
END OF MODULE INFORMATION.


C51 COMPILATION COMPLETE.  0 WARNING(S),  0 ERROR(S)
